<?xml version="1.0" encoding="UTF-8"?>
<!-- Generated by org.testng.reporters.JUnitReportReporter -->
<testsuite hostname="CESCHNDES-007" name="com.klaf.testScripts.BaseTest" tests="2" failures="0" timestamp="27 Aug 2015 11:05:49 GMT" time="122.045" errors="0">
  <testcase name="validCredentialsLogin" time="121.980" classname="com.klaf.testScripts.BaseTest"/>
  <testcase name="saveAideSupVisitfromDocuments" time="0.065" classname="com.klaf.testScripts.BaseTest"/>
</testsuite> <!-- com.klaf.testScripts.BaseTest -->
