<?xml version="1.0" encoding="UTF-8"?>
<!-- Generated by org.testng.reporters.JUnitReportReporter -->
<testsuite hostname="CESCHNDES-007" name="com.klaf.testScripts.BaseTest" tests="2" failures="0" timestamp="25 Aug 2015 09:23:29 GMT" time="132.097" errors="0">
  <testcase name="validCredentialsLogin" time="12.023" classname="com.klaf.testScripts.BaseTest"/>
  <testcase name="saveAideSupVisitfromDocuments" time="120.074" classname="com.klaf.testScripts.BaseTest"/>
</testsuite> <!-- com.klaf.testScripts.BaseTest -->
